# JRE version: Java(TM) SE Runtime Environment (8.0_181-b13) (build 1.8.0_181-b13)
# Java VM: Java HotSpot(TM) 64-Bit Server VM (25.181-b13 mixed mode windows-amd64 compressed oops)
Heap:
 PSYoungGen      total 38400K, used 33444K [0x00000000d5e00000, 0x00000000d8880000, 0x0000000100000000)
  eden space 33280K, 96% used [0x00000000d5e00000,0x00000000d7d5d050,0x00000000d7e80000)
  from space 5120K, 25% used [0x00000000d8380000,0x00000000d84cc030,0x00000000d8880000)
  to   space 5120K, 0% used [0x00000000d7e80000,0x00000000d7e80000,0x00000000d8380000)
 ParOldGen       total 87552K, used 58629K [0x0000000081a00000, 0x0000000086f80000, 0x00000000d5e00000)
  object space 87552K, 66% used [0x0000000081a00000,0x0000000085341520,0x0000000086f80000)
 Metaspace       used 10793K, capacity 10991K, committed 11264K, reserved 1058816K
  class space    used 910K, capacity 976K, committed 1024K, reserved 1048576K
GC Heap History (8 events):
Event: 5.591 GC heap before
{Heap before GC invocations=1 (full 0):
 PSYoungGen      total 38400K, used 31144K [0x00000000d5e00000, 0x00000000d8880000, 0x0000000100000000)
  eden space 33280K, 93% used [0x00000000d5e00000,0x00000000d7c6a370,0x00000000d7e80000)
  from space 5120K, 0% used [0x00000000d8380000,0x00000000d8380000,0x00000000d8880000)
  to   space 5120K, 0% used [0x00000000d7e80000,0x00000000d7e80000,0x00000000d8380000)
 ParOldGen       total 87552K, used 0K [0x0000000081a00000, 0x0000000086f80000, 0x00000000d5e00000)
  object space 87552K, 0% used [0x0000000081a00000,0x0000000081a00000,0x0000000086f80000)
 Metaspace       used 8866K, capacity 9059K, committed 9216K, reserved 1056768K
  class space    used 832K, capacity 908K, committed 1024K, reserved 1048576K
Event: 5.606 GC heap after
Heap after GC invocations=1 (full 0):
 PSYoungGen      total 38400K, used 5104K [0x00000000d5e00000, 0x00000000d8880000, 0x0000000100000000)
  eden space 33280K, 0% used [0x00000000d5e00000,0x00000000d5e00000,0x00000000d7e80000)
  from space 5120K, 99% used [0x00000000d7e80000,0x00000000d837c020,0x00000000d8380000)
  to   space 5120K, 0% used [0x00000000d8380000,0x00000000d8380000,0x00000000d8880000)
 ParOldGen       total 87552K, used 3114K [0x0000000081a00000, 0x0000000086f80000, 0x00000000d5e00000)
  object space 87552K, 3% used [0x0000000081a00000,0x0000000081d0abd8,0x0000000086f80000)
 Metaspace       used 8866K, capacity 9059K, committed 9216K, reserved 1056768K
  class space    used 832K, capacity 908K, committed 1024K, reserved 1048576K
}
Event: 7.379 GC heap before
{Heap before GC invocations=2 (full 0):
 PSYoungGen      total 38400K, used 38384K [0x00000000d5e00000, 0x00000000d8880000, 0x0000000100000000)
  eden space 33280K, 100% used [0x00000000d5e00000,0x00000000d7e80000,0x00000000d7e80000)
  from space 5120K, 99% used [0x00000000d7e80000,0x00000000d837c020,0x00000000d8380000)
  to   space 5120K, 0% used [0x00000000d8380000,0x00000000d8380000,0x00000000d8880000)
 ParOldGen       total 87552K, used 58613K [0x0000000081a00000, 0x0000000086f80000, 0x00000000d5e00000)
  object space 87552K, 66% used [0x0000000081a00000,0x000000008533d520,0x0000000086f80000)
 Metaspace       used 10676K, capacity 10863K, committed 11008K, reserved 1058816K
  class space    used 910K, capacity 976K, committed 1024K, reserved 1048576K
Event: 7.387 GC heap after
Heap after GC invocations=2 (full 0):
 PSYoungGen      total 38400K, used 2130K [0x00000000d5e00000, 0x00000000d8880000, 0x0000000100000000)
  eden space 33280K, 0% used [0x00000000d5e00000,0x00000000d5e00000,0x00000000d7e80000)
  from space 5120K, 41% used [0x00000000d8380000,0x00000000d8594bb0,0x00000000d8880000)
  to   space 5120K, 0% used [0x00000000d7e80000,0x00000000d7e80000,0x00000000d8380000)
 ParOldGen       total 87552K, used 58621K [0x0000000081a00000, 0x0000000086f80000, 0x00000000d5e00000)
  object space 87552K, 66% used [0x0000000081a00000,0x000000008533f520,0x0000000086f80000)
 Metaspace       used 10676K, capacity 10863K, committed 11008K, reserved 1058816K
  class space    used 910K, capacity 976K, committed 1024K, reserved 1048576K
}
Event: 13.746 GC heap before
{Heap before GC invocations=3 (full 0):
 PSYoungGen      total 38400K, used 35410K [0x00000000d5e00000, 0x00000000d8880000, 0x0000000100000000)
  eden space 33280K, 100% used [0x00000000d5e00000,0x00000000d7e80000,0x00000000d7e80000)
  from space 5120K, 41% used [0x00000000d8380000,0x00000000d8594bb0,0x00000000d8880000)
  to   space 5120K, 0% used [0x00000000d7e80000,0x00000000d7e80000,0x00000000d8380000)
 ParOldGen       total 87552K, used 58621K [0x0000000081a00000, 0x0000000086f80000, 0x00000000d5e00000)
  object space 87552K, 66% used [0x0000000081a00000,0x000000008533f520,0x0000000086f80000)
 Metaspace       used 10765K, capacity 10991K, committed 11264K, reserved 1058816K
  class space    used 910K, capacity 976K, committed 1024K, reserved 1048576K
Event: 13.751 GC heap after
Heap after GC invocations=3 (full 0):
 PSYoungGen      total 38400K, used 1410K [0x00000000d5e00000, 0x00000000d8880000, 0x0000000100000000)
  eden space 33280K, 0% used [0x00000000d5e00000,0x00000000d5e00000,0x00000000d7e80000)
  from space 5120K, 27% used [0x00000000d7e80000,0x00000000d7fe0a98,0x00000000d8380000)
  to   space 5120K, 0% used [0x00000000d8380000,0x00000000d8380000,0x00000000d8880000)
 ParOldGen       total 87552K, used 58621K [0x0000000081a00000, 0x0000000086f80000, 0x00000000d5e00000)
  object space 87552K, 66% used [0x0000000081a00000,0x000000008533f520,0x0000000086f80000)
 Metaspace       used 10765K, capacity 10991K, committed 11264K, reserved 1058816K
  class space    used 910K, capacity 976K, committed 1024K, reserved 1048576K
}
Event: 19.986 GC heap before
{Heap before GC invocations=4 (full 0):
 PSYoungGen      total 38400K, used 34690K [0x00000000d5e00000, 0x00000000d8880000, 0x0000000100000000)
  eden space 33280K, 100% used [0x00000000d5e00000,0x00000000d7e80000,0x00000000d7e80000)
  from space 5120K, 27% used [0x00000000d7e80000,0x00000000d7fe0a98,0x00000000d8380000)
  to   space 5120K, 0% used [0x00000000d8380000,0x00000000d8380000,0x00000000d8880000)
 ParOldGen       total 87552K, used 58621K [0x0000000081a00000, 0x0000000086f80000, 0x00000000d5e00000)
  object space 87552K, 66% used [0x0000000081a00000,0x000000008533f520,0x0000000086f80000)
 Metaspace       used 10788K, capacity 10991K, committed 11264K, reserved 1058816K
  class space    used 910K, capacity 976K, committed 1024K, reserved 1048576K
Event: 19.991 GC heap after
Heap after GC invocations=4 (full 0):
 PSYoungGen      total 38400K, used 1328K [0x00000000d5e00000, 0x00000000d8880000, 0x0000000100000000)
  eden space 33280K, 0% used [0x00000000d5e00000,0x00000000d5e00000,0x00000000d7e80000)
  from space 5120K, 25% used [0x00000000d8380000,0x00000000d84cc030,0x00000000d8880000)
  to   space 5120K, 0% used [0x00000000d7e80000,0x00000000d7e80000,0x00000000d8380000)
 ParOldGen       total 87552K, used 58629K [0x0000000081a00000, 0x0000000086f80000, 0x00000000d5e00000)
  object space 87552K, 66% used [0x0000000081a00000,0x0000000085341520,0x0000000086f80000)
 Metaspace       used 10788K, capacity 10991K, committed 11264K, reserved 1058816K
  class space    used 910K, capacity 976K, committed 1024K, reserved 1048576K
}

